<?xml version="1.0" encoding="UTF-8"?>
<testng-results skipped="0" failed="0" ignored="0" total="6" passed="6">
  <reporter-output>
  </reporter-output>
  <suite name="Main Suite" duration-ms="0" started-at="2020-11-07T19:54:03 IST" finished-at="2020-11-07T19:54:03 IST">
    <groups>
    </groups>
  </suite> <!-- Main Suite -->
  <suite name="Suite" duration-ms="1030" started-at="2020-11-07T19:53:59 IST" finished-at="2020-11-07T19:54:00 IST">
    <groups>
    </groups>
    <test name="TestB" duration-ms="1030" started-at="2020-11-07T19:53:59 IST" finished-at="2020-11-07T19:54:00 IST">
      <class name="com.parallel.Tests.TestSuiteB">
        <test-method status="PASS" signature="Setup()[pri:0, instance:com.parallel.Tests.TestSuiteB@23e028a9]" name="Setup" is-config="true" duration-ms="1" started-at="2020-11-07T19:53:59 IST" finished-at="2020-11-07T19:53:59 IST">
          <reporter-output>
          </reporter-output>
        </test-method> <!-- Setup -->
        <test-method status="PASS" signature="substractionOfNumbers_002()[pri:0, instance:com.parallel.Tests.TestSuiteB@23e028a9]" name="substractionOfNumbers_002" duration-ms="1021" started-at="2020-11-07T19:53:59 IST" finished-at="2020-11-07T19:54:00 IST">
          <reporter-output>
          </reporter-output>
        </test-method> <!-- substractionOfNumbers_002 -->
        <test-method status="PASS" signature="substractionOfNumbers_001()[pri:0, instance:com.parallel.Tests.TestSuiteB@23e028a9]" name="substractionOfNumbers_001" duration-ms="1021" started-at="2020-11-07T19:53:59 IST" finished-at="2020-11-07T19:54:00 IST">
          <reporter-output>
          </reporter-output>
        </test-method> <!-- substractionOfNumbers_001 -->
      </class> <!-- com.parallel.Tests.TestSuiteB -->
    </test> <!-- TestB -->
  </suite> <!-- Suite -->
  <suite name="Suite (0)" duration-ms="3023" started-at="2020-11-07T19:54:00 IST" finished-at="2020-11-07T19:54:03 IST">
    <groups>
    </groups>
    <test name="TestC" duration-ms="3023" started-at="2020-11-07T19:54:00 IST" finished-at="2020-11-07T19:54:03 IST">
      <class name="com.parallel.Tests.TestSuiteC">
        <test-method status="PASS" signature="Setup()[pri:0, instance:com.parallel.Tests.TestSuiteC@2758fe70]" name="Setup" is-config="true" duration-ms="0" started-at="2020-11-07T19:54:00 IST" finished-at="2020-11-07T19:54:00 IST">
          <reporter-output>
          </reporter-output>
        </test-method> <!-- Setup -->
        <test-method status="PASS" signature="divisionOfNumbers_002()[pri:0, instance:com.parallel.Tests.TestSuiteC@2758fe70]" name="divisionOfNumbers_002" duration-ms="3014" started-at="2020-11-07T19:54:00 IST" finished-at="2020-11-07T19:54:03 IST">
          <reporter-output>
          </reporter-output>
        </test-method> <!-- divisionOfNumbers_002 -->
        <test-method status="PASS" signature="divisionOfNumbers_001()[pri:0, instance:com.parallel.Tests.TestSuiteC@2758fe70]" name="divisionOfNumbers_001" duration-ms="3014" started-at="2020-11-07T19:54:00 IST" finished-at="2020-11-07T19:54:03 IST">
          <reporter-output>
          </reporter-output>
        </test-method> <!-- divisionOfNumbers_001 -->
      </class> <!-- com.parallel.Tests.TestSuiteC -->
    </test> <!-- TestC -->
  </suite> <!-- Suite (0) -->
  <suite name="SuiteA" duration-ms="1099" started-at="2020-11-07T19:53:58 IST" finished-at="2020-11-07T19:53:59 IST">
    <groups>
    </groups>
    <test name="TestA" duration-ms="1099" started-at="2020-11-07T19:53:58 IST" finished-at="2020-11-07T19:53:59 IST">
      <class name="com.parallel.Tests.TestSuiteA">
        <test-method status="PASS" signature="Setup(org.testng.ITestContext)[pri:0, instance:com.parallel.Tests.TestSuiteA@13a5fe33]" name="Setup" is-config="true" duration-ms="19" started-at="2020-11-07T19:53:58 IST" finished-at="2020-11-07T19:53:58 IST">
          <params>
            <param index="0">
              <value>
                <![CDATA[org.testng.TestRunner@12cdcf4]]>
              </value>
            </param>
          </params>
          <reporter-output>
          </reporter-output>
        </test-method> <!-- Setup -->
        <test-method status="PASS" signature="sumOfNumbers_002()[pri:0, instance:com.parallel.Tests.TestSuiteA@13a5fe33]" name="sumOfNumbers_002" duration-ms="1019" started-at="2020-11-07T19:53:58 IST" finished-at="2020-11-07T19:53:59 IST">
          <reporter-output>
          </reporter-output>
        </test-method> <!-- sumOfNumbers_002 -->
        <test-method status="PASS" signature="sumOfNumbers_001()[pri:0, instance:com.parallel.Tests.TestSuiteA@13a5fe33]" name="sumOfNumbers_001" duration-ms="1019" started-at="2020-11-07T19:53:58 IST" finished-at="2020-11-07T19:53:59 IST">
          <reporter-output>
          </reporter-output>
        </test-method> <!-- sumOfNumbers_001 -->
      </class> <!-- com.parallel.Tests.TestSuiteA -->
    </test> <!-- TestA -->
  </suite> <!-- SuiteA -->
</testng-results>
