<?xml version="1.0" encoding="UTF-8"?>
<testng-results skipped="0" failed="0" ignored="0" total="6" passed="6">
  <reporter-output>
  </reporter-output>
  <suite name="Default suite" duration-ms="6154" started-at="2020-11-05T23:15:11 IST" finished-at="2020-11-05T23:15:17 IST">
    <groups>
    </groups>
    <test name="Default test" duration-ms="6154" started-at="2020-11-05T23:15:11 IST" finished-at="2020-11-05T23:15:17 IST">
      <class name="com.parallel.Tests.TestSuiteC">
        <test-method status="PASS" signature="Setup()[pri:0, instance:com.parallel.Tests.TestSuiteC@56235b8e]" name="Setup" is-config="true" duration-ms="16" started-at="2020-11-05T23:15:11 IST" finished-at="2020-11-05T23:15:11 IST">
          <reporter-output>
          </reporter-output>
        </test-method> <!-- Setup -->
        <test-method status="PASS" signature="divisionOfNumbers_001()[pri:0, instance:com.parallel.Tests.TestSuiteC@56235b8e]" name="divisionOfNumbers_001" duration-ms="1014" started-at="2020-11-05T23:15:11 IST" finished-at="2020-11-05T23:15:12 IST">
          <reporter-output>
          </reporter-output>
        </test-method> <!-- divisionOfNumbers_001 -->
        <test-method status="PASS" signature="divisionOfNumbers_002()[pri:0, instance:com.parallel.Tests.TestSuiteC@56235b8e]" name="divisionOfNumbers_002" duration-ms="1007" started-at="2020-11-05T23:15:12 IST" finished-at="2020-11-05T23:15:13 IST">
          <reporter-output>
          </reporter-output>
        </test-method> <!-- divisionOfNumbers_002 -->
      </class> <!-- com.parallel.Tests.TestSuiteC -->
      <class name="com.parallel.Tests.TestSuiteA">
        <test-method status="PASS" signature="Setup(org.testng.ITestContext)[pri:0, instance:com.parallel.Tests.TestSuiteA@3632be31]" name="Setup" is-config="true" duration-ms="4" started-at="2020-11-05T23:15:13 IST" finished-at="2020-11-05T23:15:13 IST">
          <params>
            <param index="0">
              <value>
                <![CDATA[org.testng.TestRunner@6fb0d3ed]]>
              </value>
            </param>
          </params>
          <reporter-output>
          </reporter-output>
        </test-method> <!-- Setup -->
        <test-method status="PASS" signature="sumOfNumbers_001()[pri:0, instance:com.parallel.Tests.TestSuiteA@3632be31]" name="sumOfNumbers_001" duration-ms="1003" started-at="2020-11-05T23:15:13 IST" finished-at="2020-11-05T23:15:14 IST">
          <reporter-output>
          </reporter-output>
        </test-method> <!-- sumOfNumbers_001 -->
        <test-method status="PASS" signature="sumOfNumbers_002()[pri:0, instance:com.parallel.Tests.TestSuiteA@3632be31]" name="sumOfNumbers_002" duration-ms="1011" started-at="2020-11-05T23:15:14 IST" finished-at="2020-11-05T23:15:15 IST">
          <reporter-output>
          </reporter-output>
        </test-method> <!-- sumOfNumbers_002 -->
      </class> <!-- com.parallel.Tests.TestSuiteA -->
      <class name="com.parallel.Tests.TestSuiteB">
        <test-method status="PASS" signature="Setup()[pri:0, instance:com.parallel.Tests.TestSuiteB@5abca1e0]" name="Setup" is-config="true" duration-ms="1" started-at="2020-11-05T23:15:15 IST" finished-at="2020-11-05T23:15:15 IST">
          <reporter-output>
          </reporter-output>
        </test-method> <!-- Setup -->
        <test-method status="PASS" signature="substractionOfNumbers_001()[pri:0, instance:com.parallel.Tests.TestSuiteB@5abca1e0]" name="substractionOfNumbers_001" duration-ms="1003" started-at="2020-11-05T23:15:15 IST" finished-at="2020-11-05T23:15:16 IST">
          <reporter-output>
          </reporter-output>
        </test-method> <!-- substractionOfNumbers_001 -->
        <test-method status="PASS" signature="substractionOfNumbers_002()[pri:0, instance:com.parallel.Tests.TestSuiteB@5abca1e0]" name="substractionOfNumbers_002" duration-ms="1005" started-at="2020-11-05T23:15:16 IST" finished-at="2020-11-05T23:15:17 IST">
          <reporter-output>
          </reporter-output>
        </test-method> <!-- substractionOfNumbers_002 -->
      </class> <!-- com.parallel.Tests.TestSuiteB -->
    </test> <!-- Default test -->
  </suite> <!-- Default suite -->
</testng-results>
