<?xml version="1.0" encoding="UTF-8"?>
<testsuite xmlns:xsi="http://www.w3.org/2001/XMLSchema-instance" xsi:noNamespaceSchemaLocation="https://maven.apache.org/surefire/maven-surefire-plugin/xsd/surefire-test-report-3.0.xsd" version="3.0" name="TestSuite" time="6.857" tests="6" errors="0" skipped="0" failures="0">
  <properties>
[...]
</properties>
  <testcase name="substractionOfNumbers_001" classname="com.parallel.Tests.TestSuiteB" time="1.023">
    <system-out><![CDATA[Executing Division Test 001...
Executing Addition Test 001 ...
Executing Substraction Test 001..
Substraction Test 001 Done
Addition Test 001 Done
]]></system-out>
  </testcase>
  <testcase name="substractionOfNumbers_002" classname="com.parallel.Tests.TestSuiteB" time="1.001"/>
  <testcase name="sumOfNumbers_001" classname="com.parallel.Tests.TestSuiteA" time="1.026"/>
  <testcase name="sumOfNumbers_002" classname="com.parallel.Tests.TestSuiteA" time="1">
    <system-out><![CDATA[Executing Addition Test 002...
Executing Substraction Test 002..
Addition Test 002 Done
Substraction Test 002 Done
]]></system-out>
  </testcase>
  <testcase name="divisionOfNumbers_001" classname="com.parallel.Tests.TestSuiteC" time="1.985">
    <system-out><![CDATA[Division Test 001 Done
]]></system-out>
  </testcase>
  <testcase name="divisionOfNumbers_002" classname="com.parallel.Tests.TestSuiteC" time="3.009">
    <system-out><![CDATA[Executing Division Test 002..
Division Test 002 Done
]]></system-out>
  </testcase>
</testsuite>