<?xml version="1.0" encoding="UTF-8"?>
<testng-results skipped="0" failed="0" ignored="0" total="2" passed="2">
  <reporter-output>
  </reporter-output>
  <suite name="SuiteA" duration-ms="1099" started-at="2020-11-07T19:40:08 IST" finished-at="2020-11-07T19:40:09 IST">
    <groups>
    </groups>
    <test name="TestA" duration-ms="1099" started-at="2020-11-07T19:40:08 IST" finished-at="2020-11-07T19:40:09 IST">
      <class name="com.parallel.Tests.TestSuiteA">
        <test-method status="PASS" signature="Setup(org.testng.ITestContext)[pri:0, instance:com.parallel.Tests.TestSuiteA@5c3bd550]" name="Setup" is-config="true" duration-ms="34" started-at="2020-11-07T19:40:08 IST" finished-at="2020-11-07T19:40:08 IST">
          <params>
            <param index="0">
              <value>
                <![CDATA[org.testng.TestRunner@627551fb]]>
              </value>
            </param>
          </params>
          <reporter-output>
          </reporter-output>
        </test-method> <!-- Setup -->
        <test-method status="PASS" signature="sumOfNumbers_001()[pri:0, instance:com.parallel.Tests.TestSuiteA@5c3bd550]" name="sumOfNumbers_001" duration-ms="1011" started-at="2020-11-07T19:40:08 IST" finished-at="2020-11-07T19:40:09 IST">
          <reporter-output>
          </reporter-output>
        </test-method> <!-- sumOfNumbers_001 -->
        <test-method status="PASS" signature="sumOfNumbers_002()[pri:0, instance:com.parallel.Tests.TestSuiteA@5c3bd550]" name="sumOfNumbers_002" duration-ms="1011" started-at="2020-11-07T19:40:08 IST" finished-at="2020-11-07T19:40:09 IST">
          <reporter-output>
          </reporter-output>
        </test-method> <!-- sumOfNumbers_002 -->
      </class> <!-- com.parallel.Tests.TestSuiteA -->
    </test> <!-- TestA -->
  </suite> <!-- SuiteA -->
</testng-results>
