<?xml version="1.0" encoding="UTF-8"?>
<!-- Generated by org.testng.reporters.JUnitXMLReporter -->
<testsuite hostname="DESKTOP-73PJK31" ignored="0" name="Parallel Test Execution" tests="6" failures="0" timestamp="2020-11-07T22:34:20 IST" time="6.099" errors="0">
  <testcase name="sumOfNumbers_001" time="1.012" classname="com.parallel.Tests.TestSuiteA"/>
  <testcase name="substractionOfNumbers_001" time="1.012" classname="com.parallel.Tests.TestSuiteB"/>
  <testcase name="substractionOfNumbers_002" time="1.014" classname="com.parallel.Tests.TestSuiteB"/>
  <testcase name="sumOfNumbers_002" time="1.011" classname="com.parallel.Tests.TestSuiteA"/>
  <testcase name="divisionOfNumbers_001" time="3.002" classname="com.parallel.Tests.TestSuiteC"/>
  <testcase name="divisionOfNumbers_002" time="3.007" classname="com.parallel.Tests.TestSuiteC"/>
</testsuite> <!-- Parallel Test Execution -->
