<?xml version="1.0" encoding="UTF-8"?>
<!-- Generated by org.testng.reporters.JUnitXMLReporter -->
<testsuite hostname="DESKTOP-73PJK31" ignored="0" name="Test" tests="6" failures="0" timestamp="2020-11-05T22:53:42 IST" time="0.101" errors="0">
  <testcase name="sumOfNumbers_001" time="0.004" classname="com.parallel.Tests.TestSuiteA"/>
  <testcase name="sumOfNumbers_002" time="0.0" classname="com.parallel.Tests.TestSuiteA"/>
  <testcase name="substractionOfNumbers_001" time="0.001" classname="com.parallel.Tests.TestSuiteB"/>
  <testcase name="substractionOfNumbers_002" time="0.001" classname="com.parallel.Tests.TestSuiteB"/>
  <testcase name="divisionOfNumbers_001" time="0.001" classname="com.parallel.Tests.TestSuiteC"/>
  <testcase name="divisionOfNumbers_002" time="0.001" classname="com.parallel.Tests.TestSuiteC"/>
</testsuite> <!-- Test -->
