<?xml version="1.0" encoding="UTF-8"?>
<!-- Generated by org.testng.reporters.JUnitXMLReporter -->
<testsuite hostname="DESKTOP-73PJK31" ignored="0" name="Test" tests="6" failures="4" timestamp="2020-11-05T20:36:25 IST" time="0.081" errors="0">
  <testcase name="sumOfNumbers_001" time="0.01" classname="com.parallel.Tests.TestSuiteA"/>
  <testcase name="sumOfNumbers_002" time="0.003" classname="com.parallel.Tests.TestSuiteA"/>
  <testcase name="substractionOfNumbers_001" time="0.002" classname="com.parallel.Tests.TestSuiteB">
    <failure type="java.lang.NullPointerException">
      <![CDATA[java.lang.NullPointerException
at com.parallel.Tests.TestSuiteB.substractionOfNumbers_001(TestSuiteB.java:14)
at java.util.ArrayList.forEach(Unknown Source)
... Removed 27 stack frames]]>
    </failure>
  </testcase> <!-- substractionOfNumbers_001 -->
  <testcase name="substractionOfNumbers_002" time="0.003" classname="com.parallel.Tests.TestSuiteB">
    <failure type="java.lang.NullPointerException">
      <![CDATA[java.lang.NullPointerException
at com.parallel.Tests.TestSuiteB.substractionOfNumbers_002(TestSuiteB.java:20)
at java.util.ArrayList.forEach(Unknown Source)
... Removed 27 stack frames]]>
    </failure>
  </testcase> <!-- substractionOfNumbers_002 -->
  <testcase name="divisionOfNumbers_001" time="0.003" classname="com.parallel.Tests.TestSuiteC">
    <failure type="java.lang.NullPointerException">
      <![CDATA[java.lang.NullPointerException
at com.parallel.Tests.TestSuiteC.divisionOfNumbers_001(TestSuiteC.java:16)
at java.util.ArrayList.forEach(Unknown Source)
... Removed 27 stack frames]]>
    </failure>
  </testcase> <!-- divisionOfNumbers_001 -->
  <testcase name="divisionOfNumbers_002" time="0.002" classname="com.parallel.Tests.TestSuiteC">
    <failure type="java.lang.NullPointerException">
      <![CDATA[java.lang.NullPointerException
at com.parallel.Tests.TestSuiteC.divisionOfNumbers_002(TestSuiteC.java:22)
at java.util.ArrayList.forEach(Unknown Source)
... Removed 27 stack frames]]>
    </failure>
  </testcase> <!-- divisionOfNumbers_002 -->
</testsuite> <!-- Test -->
